<?xml version="1.0" encoding="UTF-8"?>
<testng-results ignored="0" total="1" passed="1" failed="0" skipped="0">
  <reporter-output>
  </reporter-output>
  <suite started-at="2023-03-03T21:50:17 IST" name="Default suite" finished-at="2023-03-03T21:50:23 IST" duration-ms="6092">
    <groups>
    </groups>
    <test started-at="2023-03-03T21:50:17 IST" name="Default test" finished-at="2023-03-03T21:50:23 IST" duration-ms="6092">
      <class name="apiTesting.PostDemo">
        <test-method signature="createUser()[pri:0, instance:apiTesting.PostDemo@56cdfb3b]" started-at="2023-03-03T21:50:17 IST" name="createUser" finished-at="2023-03-03T21:50:23 IST" duration-ms="6032" status="PASS">
          <reporter-output>
          </reporter-output>
        </test-method> <!-- createUser -->
      </class> <!-- apiTesting.PostDemo -->
    </test> <!-- Default test -->
  </suite> <!-- Default suite -->
</testng-results>
